<?xml version="1.0" encoding="UTF-8"?>
<!-- Generated by org.testng.reporters.JUnitReportReporter -->
<testsuite hostname="LAPTOP-J3O1SV8B" failures="0" tests="1" name="ecar.Maruti" time="42.397" errors="0" timestamp="2023-08-03T21:44:10 IST" skipped="0">
  <testcase classname="ecar.Maruti" name="MarutiTest" time="42.397">
    <system-out>
      <![CDATA[Opening MarutiSuzuki]]>
    </system-out>
  </testcase> <!-- MarutiTest -->
  <system-out>
    <![CDATA[Opening Kia
Opening MarutiSuzuki]]>
  </system-out>
</testsuite> <!-- ecar.Maruti -->
