<?xml version="1.0" encoding="UTF-8"?>
<!-- Generated by org.testng.reporters.JUnitReportReporter -->
<testsuite hostname="LAPTOP-J3O1SV8B" failures="0" tests="1" name="ecar.Kia" time="91.445" errors="0" timestamp="2023-08-03T21:44:10 IST" skipped="0">
  <testcase classname="ecar.Kia" name="KiaTest" time="91.445">
    <system-out>
      <![CDATA[Opening Kia]]>
    </system-out>
  </testcase> <!-- KiaTest -->
  <system-out>
    <![CDATA[Opening Kia
Opening MarutiSuzuki]]>
  </system-out>
</testsuite> <!-- ecar.Kia -->
